[02:10:06]: [33mGet started using a Gemfile for fastlane https://docs.fastlane.tools/getting-started/ios/setup/#use-a-gemfile[0m
[02:10:06]: [33mCould not find fastlane in current directory. Make sure to have your fastlane configuration files inside a folder called "fastlane". Would you like to set fastlane up?[0m

Looking for related GitHub issues on fastlane/fastlane...

➡️  [33m/opt/homebrew/Cellar/fastlane/2.211.0_1/libexec/gems/fastlane-2.211.0/fastlane_core/lib/fastlane_core/ui/interface.rb:129:in `crash!': [!] Could not retrieve response as fastlane runs in non-interactive mode (FastlaneCore::Interface::FastlaneCrash)[0m
    https://github.com/fastlane/fastlane/issues/20974 [[31mopen[0m] 15 💬
    22 Jul 2025

➡️  [33mCan not Publish to the App Store Production track[0m
    https://github.com/fastlane/fastlane/issues/19674 [[31mopen[0m] 29 💬
    09 Aug 2024

➡️  [33m Could not retrieve response as fastlane runs in non-interactive mode\e[0m (FastlaneCore::Interface::FastlaneCrash)[0m
    https://github.com/fastlane/fastlane/issues/20607 [[32mclosed[0m] 8 💬
    15 Aug 2024

and 58 more at: https://github.com/fastlane/fastlane/search?q=Could%20not%20retrieve%20response%20as%20fastlane%20runs%20in%20non-interactive%20mode&type=Issues&utf8=✓

🔗  You can ⌘ + double-click on links to open them directly in your browser.
/opt/homebrew/Cellar/fastlane/2.228.0/libexec/gems/fastlane-2.228.0/fastlane_core/lib/fastlane_core/ui/interface.rb:129:in 'FastlaneCore::Interface#crash!': [31m[!] Could not retrieve response as fastlane runs in non-interactive mode[0m (FastlaneCore::Interface::FastlaneCrash)
	from /opt/homebrew/Cellar/fastlane/2.228.0/libexec/gems/fastlane-2.228.0/fastlane_core/lib/fastlane_core/ui/implementations/shell.rb:174:in 'FastlaneCore::Shell#verify_interactive!'
	from /opt/homebrew/Cellar/fastlane/2.228.0/libexec/gems/fastlane-2.228.0/fastlane_core/lib/fastlane_core/ui/implementations/shell.rb:138:in 'FastlaneCore::Shell#confirm'
	from /opt/homebrew/Cellar/fastlane/2.228.0/libexec/gems/fastlane-2.228.0/fastlane_core/lib/fastlane_core/ui/ui.rb:17:in 'FastlaneCore::UI.method_missing'
	from /opt/homebrew/Cellar/fastlane/2.228.0/libexec/gems/fastlane-2.228.0/fastlane/lib/fastlane/commands_generator.rb:373:in 'Fastlane::CommandsGenerator#ensure_fastfile'
	from /opt/homebrew/Cellar/fastlane/2.228.0/libexec/gems/fastlane-2.228.0/fastlane/lib/fastlane/commands_generator.rb:109:in 'block (2 levels) in Fastlane::CommandsGenerator#run'
	from /opt/homebrew/Cellar/fastlane/2.228.0/libexec/gems/commander-4.6.0/lib/commander/command.rb:187:in 'Commander::Command#call'
	from /opt/homebrew/Cellar/fastlane/2.228.0/libexec/gems/commander-4.6.0/lib/commander/command.rb:157:in 'Commander::Command#run'
	from /opt/homebrew/Cellar/fastlane/2.228.0/libexec/gems/commander-4.6.0/lib/commander/runner.rb:444:in 'Commander::Runner#run_active_command'
	from /opt/homebrew/Cellar/fastlane/2.228.0/libexec/gems/fastlane-2.228.0/fastlane_core/lib/fastlane_core/ui/fastlane_runner.rb:124:in 'Commander::Runner#run!'
	from /opt/homebrew/Cellar/fastlane/2.228.0/libexec/gems/commander-4.6.0/lib/commander/delegates.rb:18:in 'Commander::Delegates#run!'
	from /opt/homebrew/Cellar/fastlane/2.228.0/libexec/gems/fastlane-2.228.0/fastlane/lib/fastlane/commands_generator.rb:363:in 'Fastlane::CommandsGenerator#run'
	from /opt/homebrew/Cellar/fastlane/2.228.0/libexec/gems/fastlane-2.228.0/fastlane/lib/fastlane/commands_generator.rb:43:in 'Fastlane::CommandsGenerator.start'
	from /opt/homebrew/Cellar/fastlane/2.228.0/libexec/gems/fastlane-2.228.0/fastlane/lib/fastlane/cli_tools_distributor.rb:123:in 'Fastlane::CLIToolsDistributor.take_off'
	from /opt/homebrew/Cellar/fastlane/2.228.0/libexec/gems/fastlane-2.228.0/bin/fastlane:23:in '<top (required)>'
	from /opt/homebrew/Cellar/fastlane/2.228.0/libexec/bin/fastlane:25:in 'Kernel#load'
	from /opt/homebrew/Cellar/fastlane/2.228.0/libexec/bin/fastlane:25:in '<main>'
/opt/homebrew/Cellar/fastlane/2.228.0/libexec/gems/fastlane-2.228.0/fastlane_core/lib/fastlane_core/ui/interface.rb:129:in 'FastlaneCore::Interface#crash!': Could not retrieve response as fastlane runs in non-interactive mode (FastlaneCore::Interface::FastlaneCrash)
	from /opt/homebrew/Cellar/fastlane/2.228.0/libexec/gems/fastlane-2.228.0/fastlane_core/lib/fastlane_core/ui/implementations/shell.rb:174:in 'FastlaneCore::Shell#verify_interactive!'
	from /opt/homebrew/Cellar/fastlane/2.228.0/libexec/gems/fastlane-2.228.0/fastlane_core/lib/fastlane_core/ui/implementations/shell.rb:138:in 'FastlaneCore::Shell#confirm'
	from /opt/homebrew/Cellar/fastlane/2.228.0/libexec/gems/fastlane-2.228.0/fastlane_core/lib/fastlane_core/ui/ui.rb:17:in 'FastlaneCore::UI.method_missing'
	from /opt/homebrew/Cellar/fastlane/2.228.0/libexec/gems/fastlane-2.228.0/fastlane/lib/fastlane/commands_generator.rb:373:in 'Fastlane::CommandsGenerator#ensure_fastfile'
	from /opt/homebrew/Cellar/fastlane/2.228.0/libexec/gems/fastlane-2.228.0/fastlane/lib/fastlane/commands_generator.rb:109:in 'block (2 levels) in Fastlane::CommandsGenerator#run'
	from /opt/homebrew/Cellar/fastlane/2.228.0/libexec/gems/commander-4.6.0/lib/commander/command.rb:187:in 'Commander::Command#call'
	from /opt/homebrew/Cellar/fastlane/2.228.0/libexec/gems/commander-4.6.0/lib/commander/command.rb:157:in 'Commander::Command#run'
	from /opt/homebrew/Cellar/fastlane/2.228.0/libexec/gems/commander-4.6.0/lib/commander/runner.rb:444:in 'Commander::Runner#run_active_command'
	from /opt/homebrew/Cellar/fastlane/2.228.0/libexec/gems/fastlane-2.228.0/fastlane_core/lib/fastlane_core/ui/fastlane_runner.rb:124:in 'Commander::Runner#run!'
	from /opt/homebrew/Cellar/fastlane/2.228.0/libexec/gems/commander-4.6.0/lib/commander/delegates.rb:18:in 'Commander::Delegates#run!'
	from /opt/homebrew/Cellar/fastlane/2.228.0/libexec/gems/fastlane-2.228.0/fastlane/lib/fastlane/commands_generator.rb:363:in 'Fastlane::CommandsGenerator#run'
	from /opt/homebrew/Cellar/fastlane/2.228.0/libexec/gems/fastlane-2.228.0/fastlane/lib/fastlane/commands_generator.rb:43:in 'Fastlane::CommandsGenerator.start'
	from /opt/homebrew/Cellar/fastlane/2.228.0/libexec/gems/fastlane-2.228.0/fastlane/lib/fastlane/cli_tools_distributor.rb:123:in 'Fastlane::CLIToolsDistributor.take_off'
	from /opt/homebrew/Cellar/fastlane/2.228.0/libexec/gems/fastlane-2.228.0/bin/fastlane:23:in '<top (required)>'
	from /opt/homebrew/Cellar/fastlane/2.228.0/libexec/bin/fastlane:25:in 'Kernel#load'
	from /opt/homebrew/Cellar/fastlane/2.228.0/libexec/bin/fastlane:25:in '<main>'
