Conducting pre-submission checks for WhisperMate-v0.0.17.dmg and initiating connection to the Apple notary service...
Submission ID received
  id: 70a7963f-333a-4ba5-930e-012f88697cef
Successfully uploaded file
  id: 70a7963f-333a-4ba5-930e-012f88697cef
  path: /Users/avysotsky/Projects/vood/whispermate/Whishpermate/WhisperMate-v0.0.17.dmg
Waiting for processing to complete.
Current status: In Progress...Current status: In Progress....Current status: In Progress.....Current status: In Progress......Current status: Invalid.......Processing complete
  id: 70a7963f-333a-4ba5-930e-012f88697cef
  status: Invalid

Conducting pre-submission checks for WhisperMate-v0.0.17.dmg and initiating connection to the Apple notary service...
Submission ID received
  id: 3cb41996-849e-4064-9deb-fc66764187c1
Successfully uploaded file
  id: 3cb41996-849e-4064-9deb-fc66764187c1
  path: /Users/avysotsky/Projects/vood/whispermate/Whishpermate/WhisperMate-v0.0.17.dmg
Waiting for processing to complete.
Current status: In Progress...Current status: In Progress....Current status: In Progress.....Current status: In Progress......Current status: Invalid.......Processing complete
  id: 3cb41996-849e-4064-9deb-fc66764187c1
  status: Invalid

Conducting pre-submission checks for WhisperMate-v0.0.17.dmg and initiating connection to the Apple notary service...
Submission ID received
  id: 3e6e2ffa-c4a5-4c44-ad4e-feeb343d978c
Successfully uploaded file
  id: 3e6e2ffa-c4a5-4c44-ad4e-feeb343d978c
  path: /Users/avysotsky/Projects/vood/whispermate/Whishpermate/WhisperMate-v0.0.17.dmg
Waiting for processing to complete.
Current status: In Progress...Current status: In Progress....Current status: In Progress.....Current status: In Progress......Current status: Accepted.......Processing complete
  id: 3e6e2ffa-c4a5-4c44-ad4e-feeb343d978c
  status: Accepted

